<?xml version="1.0" encoding="UTF-8"?>
<testsuite xmlns:xsi="http://www.w3.org/2001/XMLSchema-instance" xsi:noNamespaceSchemaLocation="https://maven.apache.org/surefire/maven-surefire-plugin/xsd/surefire-test-report.xsd" name="TestSuite" time="1.477" tests="60" errors="0" skipped="47" failures="13">
  <properties>
    <property name="sun.desktop" value="windows"/>
    <property name="awt.toolkit" value="sun.awt.windows.WToolkit"/>
    <property name="java.specification.version" value="11"/>
    <property name="sun.cpu.isalist" value="amd64"/>
    <property name="sun.jnu.encoding" value="Cp1252"/>
    <property name="java.class.path" value="C:\Users\sauhardmishra\Downloads\Flipkart_Automation_Project\Flipkart_Automation_Project\target\test-classes;C:\Users\sauhardmishra\Downloads\Flipkart_Automation_Project\Flipkart_Automation_Project\target\classes;C:\Users\sauhardmishra\.m2\repository\junit\junit\4.11\junit-4.11.jar;C:\Users\sauhardmishra\.m2\repository\org\hamcrest\hamcrest-core\1.3\hamcrest-core-1.3.jar;C:\Users\sauhardmishra\.m2\repository\org\seleniumhq\selenium\selenium-java\4.4.0\selenium-java-4.4.0.jar;C:\Users\sauhardmishra\.m2\repository\org\seleniumhq\selenium\selenium-api\4.4.0\selenium-api-4.4.0.jar;C:\Users\sauhardmishra\.m2\repository\org\seleniumhq\selenium\selenium-chrome-driver\4.4.0\selenium-chrome-driver-4.4.0.jar;C:\Users\sauhardmishra\.m2\repository\com\google\auto\service\auto-service-annotations\1.0.1\auto-service-annotations-1.0.1.jar;C:\Users\sauhardmishra\.m2\repository\com\google\auto\service\auto-service\1.0.1\auto-service-1.0.1.jar;C:\Users\sauhardmishra\.m2\repository\com\google\auto\auto-common\1.2\auto-common-1.2.jar;C:\Users\sauhardmishra\.m2\repository\com\google\guava\guava\31.1-jre\guava-31.1-jre.jar;C:\Users\sauhardmishra\.m2\repository\com\google\guava\failureaccess\1.0.1\failureaccess-1.0.1.jar;C:\Users\sauhardmishra\.m2\repository\com\google\guava\listenablefuture\9999.0-empty-to-avoid-conflict-with-guava\listenablefuture-9999.0-empty-to-avoid-conflict-with-guava.jar;C:\Users\sauhardmishra\.m2\repository\org\checkerframework\checker-qual\3.12.0\checker-qual-3.12.0.jar;C:\Users\sauhardmishra\.m2\repository\com\google\errorprone\error_prone_annotations\2.11.0\error_prone_annotations-2.11.0.jar;C:\Users\sauhardmishra\.m2\repository\com\google\j2objc\j2objc-annotations\1.3\j2objc-annotations-1.3.jar;C:\Users\sauhardmishra\.m2\repository\org\seleniumhq\selenium\selenium-chromium-driver\4.4.0\selenium-chromium-driver-4.4.0.jar;C:\Users\sauhardmishra\.m2\repository\org\seleniumhq\selenium\selenium-json\4.4.0\selenium-json-4.4.0.jar;C:\Users\sauhardmishra\.m2\repository\org\seleniumhq\selenium\selenium-devtools-v102\4.4.0\selenium-devtools-v102-4.4.0.jar;C:\Users\sauhardmishra\.m2\repository\org\seleniumhq\selenium\selenium-devtools-v103\4.4.0\selenium-devtools-v103-4.4.0.jar;C:\Users\sauhardmishra\.m2\repository\org\seleniumhq\selenium\selenium-devtools-v104\4.4.0\selenium-devtools-v104-4.4.0.jar;C:\Users\sauhardmishra\.m2\repository\org\seleniumhq\selenium\selenium-devtools-v85\4.4.0\selenium-devtools-v85-4.4.0.jar;C:\Users\sauhardmishra\.m2\repository\org\seleniumhq\selenium\selenium-edge-driver\4.4.0\selenium-edge-driver-4.4.0.jar;C:\Users\sauhardmishra\.m2\repository\org\seleniumhq\selenium\selenium-firefox-driver\4.4.0\selenium-firefox-driver-4.4.0.jar;C:\Users\sauhardmishra\.m2\repository\org\seleniumhq\selenium\selenium-ie-driver\4.4.0\selenium-ie-driver-4.4.0.jar;C:\Users\sauhardmishra\.m2\repository\org\seleniumhq\selenium\selenium-opera-driver\4.4.0\selenium-opera-driver-4.4.0.jar;C:\Users\sauhardmishra\.m2\repository\org\seleniumhq\selenium\selenium-remote-driver\4.4.0\selenium-remote-driver-4.4.0.jar;C:\Users\sauhardmishra\.m2\repository\io\netty\netty-buffer\4.1.78.Final\netty-buffer-4.1.78.Final.jar;C:\Users\sauhardmishra\.m2\repository\io\netty\netty-codec-http\4.1.78.Final\netty-codec-http-4.1.78.Final.jar;C:\Users\sauhardmishra\.m2\repository\io\netty\netty-codec\4.1.78.Final\netty-codec-4.1.78.Final.jar;C:\Users\sauhardmishra\.m2\repository\io\netty\netty-handler\4.1.78.Final\netty-handler-4.1.78.Final.jar;C:\Users\sauhardmishra\.m2\repository\io\netty\netty-common\4.1.78.Final\netty-common-4.1.78.Final.jar;C:\Users\sauhardmishra\.m2\repository\io\netty\netty-transport-classes-epoll\4.1.78.Final\netty-transport-classes-epoll-4.1.78.Final.jar;C:\Users\sauhardmishra\.m2\repository\io\netty\netty-transport-classes-kqueue\4.1.78.Final\netty-transport-classes-kqueue-4.1.78.Final.jar;C:\Users\sauhardmishra\.m2\repository\io\netty\netty-transport-native-epoll\4.1.78.Final\netty-transport-native-epoll-4.1.78.Final.jar;C:\Users\sauhardmishra\.m2\repository\io\netty\netty-transport-native-kqueue\4.1.78.Final\netty-transport-native-kqueue-4.1.78.Final.jar;C:\Users\sauhardmishra\.m2\repository\io\netty\netty-transport-native-unix-common\4.1.78.Final\netty-transport-native-unix-common-4.1.78.Final.jar;C:\Users\sauhardmishra\.m2\repository\io\netty\netty-transport\4.1.78.Final\netty-transport-4.1.78.Final.jar;C:\Users\sauhardmishra\.m2\repository\io\netty\netty-resolver\4.1.78.Final\netty-resolver-4.1.78.Final.jar;C:\Users\sauhardmishra\.m2\repository\io\opentelemetry\opentelemetry-api\1.16.0\opentelemetry-api-1.16.0.jar;C:\Users\sauhardmishra\.m2\repository\io\opentelemetry\opentelemetry-context\1.16.0\opentelemetry-context-1.16.0.jar;C:\Users\sauhardmishra\.m2\repository\io\opentelemetry\opentelemetry-exporter-logging\1.16.0\opentelemetry-exporter-logging-1.16.0.jar;C:\Users\sauhardmishra\.m2\repository\io\opentelemetry\opentelemetry-sdk-metrics\1.16.0\opentelemetry-sdk-metrics-1.16.0.jar;C:\Users\sauhardmishra\.m2\repository\io\opentelemetry\opentelemetry-sdk-logs\1.16.0-alpha\opentelemetry-sdk-logs-1.16.0-alpha.jar;C:\Users\sauhardmishra\.m2\repository\io\opentelemetry\opentelemetry-sdk-common\1.16.0\opentelemetry-sdk-common-1.16.0.jar;C:\Users\sauhardmishra\.m2\repository\io\opentelemetry\opentelemetry-sdk-extension-autoconfigure-spi\1.16.0\opentelemetry-sdk-extension-autoconfigure-spi-1.16.0.jar;C:\Users\sauhardmishra\.m2\repository\io\opentelemetry\opentelemetry-sdk-extension-autoconfigure\1.16.0-alpha\opentelemetry-sdk-extension-autoconfigure-1.16.0-alpha.jar;C:\Users\sauhardmishra\.m2\repository\io\opentelemetry\opentelemetry-sdk-trace\1.16.0\opentelemetry-sdk-trace-1.16.0.jar;C:\Users\sauhardmishra\.m2\repository\io\opentelemetry\opentelemetry-sdk\1.16.0\opentelemetry-sdk-1.16.0.jar;C:\Users\sauhardmishra\.m2\repository\io\opentelemetry\opentelemetry-semconv\1.16.0-alpha\opentelemetry-semconv-1.16.0-alpha.jar;C:\Users\sauhardmishra\.m2\repository\io\ous\jtoml\2.0.0\jtoml-2.0.0.jar;C:\Users\sauhardmishra\.m2\repository\net\bytebuddy\byte-buddy\1.12.10\byte-buddy-1.12.10.jar;C:\Users\sauhardmishra\.m2\repository\org\apache\commons\commons-exec\1.3\commons-exec-1.3.jar;C:\Users\sauhardmishra\.m2\repository\org\asynchttpclient\async-http-client\2.12.3\async-http-client-2.12.3.jar;C:\Users\sauhardmishra\.m2\repository\org\asynchttpclient\async-http-client-netty-utils\2.12.3\async-http-client-netty-utils-2.12.3.jar;C:\Users\sauhardmishra\.m2\repository\io\netty\netty-codec-socks\4.1.60.Final\netty-codec-socks-4.1.60.Final.jar;C:\Users\sauhardmishra\.m2\repository\io\netty\netty-handler-proxy\4.1.60.Final\netty-handler-proxy-4.1.60.Final.jar;C:\Users\sauhardmishra\.m2\repository\io\netty\netty-transport-native-epoll\4.1.60.Final\netty-transport-native-epoll-4.1.60.Final-linux-x86_64.jar;C:\Users\sauhardmishra\.m2\repository\io\netty\netty-transport-native-kqueue\4.1.60.Final\netty-transport-native-kqueue-4.1.60.Final-osx-x86_64.jar;C:\Users\sauhardmishra\.m2\repository\org\reactivestreams\reactive-streams\1.0.3\reactive-streams-1.0.3.jar;C:\Users\sauhardmishra\.m2\repository\com\typesafe\netty\netty-reactive-streams\2.0.4\netty-reactive-streams-2.0.4.jar;C:\Users\sauhardmishra\.m2\repository\com\sun\activation\jakarta.activation\1.2.2\jakarta.activation-1.2.2.jar;C:\Users\sauhardmishra\.m2\repository\org\seleniumhq\selenium\selenium-http\4.4.0\selenium-http-4.4.0.jar;C:\Users\sauhardmishra\.m2\repository\dev\failsafe\failsafe\3.2.4\failsafe-3.2.4.jar;C:\Users\sauhardmishra\.m2\repository\org\seleniumhq\selenium\selenium-safari-driver\4.4.0\selenium-safari-driver-4.4.0.jar;C:\Users\sauhardmishra\.m2\repository\org\seleniumhq\selenium\selenium-support\4.4.0\selenium-support-4.4.0.jar;C:\Users\sauhardmishra\.m2\repository\org\testng\testng\7.6.1\testng-7.6.1.jar;C:\Users\sauhardmishra\.m2\repository\com\google\code\findbugs\jsr305\3.0.2\jsr305-3.0.2.jar;C:\Users\sauhardmishra\.m2\repository\org\slf4j\slf4j-api\1.7.36\slf4j-api-1.7.36.jar;C:\Users\sauhardmishra\.m2\repository\com\beust\jcommander\1.82\jcommander-1.82.jar;C:\Users\sauhardmishra\.m2\repository\org\webjars\jquery\3.6.0\jquery-3.6.0.jar;C:\Users\sauhardmishra\.m2\repository\commons-io\commons-io\2.11.0\commons-io-2.11.0.jar;C:\Users\sauhardmishra\.m2\repository\com\relevantcodes\extentreports\2.41.2\extentreports-2.41.2.jar;C:\Users\sauhardmishra\.m2\repository\org\jsoup\jsoup\1.8.3\jsoup-1.8.3.jar;C:\Users\sauhardmishra\.m2\repository\org\xerial\sqlite-jdbc\3.8.11.1\sqlite-jdbc-3.8.11.1.jar;C:\Users\sauhardmishra\.m2\repository\org\freemarker\freemarker\2.3.23\freemarker-2.3.23.jar;C:\Users\sauhardmishra\.m2\repository\org\mongodb\mongodb-driver\3.0.4\mongodb-driver-3.0.4.jar;C:\Users\sauhardmishra\.m2\repository\org\mongodb\bson\3.0.4\bson-3.0.4.jar;C:\Users\sauhardmishra\.m2\repository\org\mongodb\mongodb-driver-core\3.0.4\mongodb-driver-core-3.0.4.jar;C:\Users\sauhardmishra\.m2\repository\org\apache\logging\log4j\log4j-api\2.19.0\log4j-api-2.19.0.jar;C:\Users\sauhardmishra\.m2\repository\org\apache\logging\log4j\log4j-core\2.19.0\log4j-core-2.19.0.jar;C:\Users\sauhardmishra\.m2\repository\com\googlecode\json-simple\json-simple\1.1.1\json-simple-1.1.1.jar;"/>
    <property name="java.vm.vendor" value="Oracle Corporation"/>
    <property name="sun.arch.data.model" value="64"/>
    <property name="user.variant" value=""/>
    <property name="java.vendor.url" value="http://java.oracle.com/"/>
    <property name="user.timezone" value="Asia/Calcutta"/>
    <property name="java.vm.specification.version" value="11"/>
    <property name="os.name" value="Windows 10"/>
    <property name="sun.java.launcher" value="SUN_STANDARD"/>
    <property name="user.country" value="IN"/>
    <property name="sun.boot.library.path" value="C:\Program Files\RedHat\java-11-openjdk-11.0.5-2\bin"/>
    <property name="sun.java.command" value="C:\Users\SAUHAR~1\AppData\Local\Temp\surefire854410094252150339\surefirebooter330800136006652304.jar C:\Users\sauhardmishra\AppData\Local\Temp\surefire854410094252150339 2023-01-09T12-17-16_395-jvmRun1 surefire8969481583295560044tmp surefire_07992081790710296853tmp"/>
    <property name="jdk.debug" value="release"/>
    <property name="surefire.test.class.path" value="C:\Users\sauhardmishra\Downloads\Flipkart_Automation_Project\Flipkart_Automation_Project\target\test-classes;C:\Users\sauhardmishra\Downloads\Flipkart_Automation_Project\Flipkart_Automation_Project\target\classes;C:\Users\sauhardmishra\.m2\repository\junit\junit\4.11\junit-4.11.jar;C:\Users\sauhardmishra\.m2\repository\org\hamcrest\hamcrest-core\1.3\hamcrest-core-1.3.jar;C:\Users\sauhardmishra\.m2\repository\org\seleniumhq\selenium\selenium-java\4.4.0\selenium-java-4.4.0.jar;C:\Users\sauhardmishra\.m2\repository\org\seleniumhq\selenium\selenium-api\4.4.0\selenium-api-4.4.0.jar;C:\Users\sauhardmishra\.m2\repository\org\seleniumhq\selenium\selenium-chrome-driver\4.4.0\selenium-chrome-driver-4.4.0.jar;C:\Users\sauhardmishra\.m2\repository\com\google\auto\service\auto-service-annotations\1.0.1\auto-service-annotations-1.0.1.jar;C:\Users\sauhardmishra\.m2\repository\com\google\auto\service\auto-service\1.0.1\auto-service-1.0.1.jar;C:\Users\sauhardmishra\.m2\repository\com\google\auto\auto-common\1.2\auto-common-1.2.jar;C:\Users\sauhardmishra\.m2\repository\com\google\guava\guava\31.1-jre\guava-31.1-jre.jar;C:\Users\sauhardmishra\.m2\repository\com\google\guava\failureaccess\1.0.1\failureaccess-1.0.1.jar;C:\Users\sauhardmishra\.m2\repository\com\google\guava\listenablefuture\9999.0-empty-to-avoid-conflict-with-guava\listenablefuture-9999.0-empty-to-avoid-conflict-with-guava.jar;C:\Users\sauhardmishra\.m2\repository\org\checkerframework\checker-qual\3.12.0\checker-qual-3.12.0.jar;C:\Users\sauhardmishra\.m2\repository\com\google\errorprone\error_prone_annotations\2.11.0\error_prone_annotations-2.11.0.jar;C:\Users\sauhardmishra\.m2\repository\com\google\j2objc\j2objc-annotations\1.3\j2objc-annotations-1.3.jar;C:\Users\sauhardmishra\.m2\repository\org\seleniumhq\selenium\selenium-chromium-driver\4.4.0\selenium-chromium-driver-4.4.0.jar;C:\Users\sauhardmishra\.m2\repository\org\seleniumhq\selenium\selenium-json\4.4.0\selenium-json-4.4.0.jar;C:\Users\sauhardmishra\.m2\repository\org\seleniumhq\selenium\selenium-devtools-v102\4.4.0\selenium-devtools-v102-4.4.0.jar;C:\Users\sauhardmishra\.m2\repository\org\seleniumhq\selenium\selenium-devtools-v103\4.4.0\selenium-devtools-v103-4.4.0.jar;C:\Users\sauhardmishra\.m2\repository\org\seleniumhq\selenium\selenium-devtools-v104\4.4.0\selenium-devtools-v104-4.4.0.jar;C:\Users\sauhardmishra\.m2\repository\org\seleniumhq\selenium\selenium-devtools-v85\4.4.0\selenium-devtools-v85-4.4.0.jar;C:\Users\sauhardmishra\.m2\repository\org\seleniumhq\selenium\selenium-edge-driver\4.4.0\selenium-edge-driver-4.4.0.jar;C:\Users\sauhardmishra\.m2\repository\org\seleniumhq\selenium\selenium-firefox-driver\4.4.0\selenium-firefox-driver-4.4.0.jar;C:\Users\sauhardmishra\.m2\repository\org\seleniumhq\selenium\selenium-ie-driver\4.4.0\selenium-ie-driver-4.4.0.jar;C:\Users\sauhardmishra\.m2\repository\org\seleniumhq\selenium\selenium-opera-driver\4.4.0\selenium-opera-driver-4.4.0.jar;C:\Users\sauhardmishra\.m2\repository\org\seleniumhq\selenium\selenium-remote-driver\4.4.0\selenium-remote-driver-4.4.0.jar;C:\Users\sauhardmishra\.m2\repository\io\netty\netty-buffer\4.1.78.Final\netty-buffer-4.1.78.Final.jar;C:\Users\sauhardmishra\.m2\repository\io\netty\netty-codec-http\4.1.78.Final\netty-codec-http-4.1.78.Final.jar;C:\Users\sauhardmishra\.m2\repository\io\netty\netty-codec\4.1.78.Final\netty-codec-4.1.78.Final.jar;C:\Users\sauhardmishra\.m2\repository\io\netty\netty-handler\4.1.78.Final\netty-handler-4.1.78.Final.jar;C:\Users\sauhardmishra\.m2\repository\io\netty\netty-common\4.1.78.Final\netty-common-4.1.78.Final.jar;C:\Users\sauhardmishra\.m2\repository\io\netty\netty-transport-classes-epoll\4.1.78.Final\netty-transport-classes-epoll-4.1.78.Final.jar;C:\Users\sauhardmishra\.m2\repository\io\netty\netty-transport-classes-kqueue\4.1.78.Final\netty-transport-classes-kqueue-4.1.78.Final.jar;C:\Users\sauhardmishra\.m2\repository\io\netty\netty-transport-native-epoll\4.1.78.Final\netty-transport-native-epoll-4.1.78.Final.jar;C:\Users\sauhardmishra\.m2\repository\io\netty\netty-transport-native-kqueue\4.1.78.Final\netty-transport-native-kqueue-4.1.78.Final.jar;C:\Users\sauhardmishra\.m2\repository\io\netty\netty-transport-native-unix-common\4.1.78.Final\netty-transport-native-unix-common-4.1.78.Final.jar;C:\Users\sauhardmishra\.m2\repository\io\netty\netty-transport\4.1.78.Final\netty-transport-4.1.78.Final.jar;C:\Users\sauhardmishra\.m2\repository\io\netty\netty-resolver\4.1.78.Final\netty-resolver-4.1.78.Final.jar;C:\Users\sauhardmishra\.m2\repository\io\opentelemetry\opentelemetry-api\1.16.0\opentelemetry-api-1.16.0.jar;C:\Users\sauhardmishra\.m2\repository\io\opentelemetry\opentelemetry-context\1.16.0\opentelemetry-context-1.16.0.jar;C:\Users\sauhardmishra\.m2\repository\io\opentelemetry\opentelemetry-exporter-logging\1.16.0\opentelemetry-exporter-logging-1.16.0.jar;C:\Users\sauhardmishra\.m2\repository\io\opentelemetry\opentelemetry-sdk-metrics\1.16.0\opentelemetry-sdk-metrics-1.16.0.jar;C:\Users\sauhardmishra\.m2\repository\io\opentelemetry\opentelemetry-sdk-logs\1.16.0-alpha\opentelemetry-sdk-logs-1.16.0-alpha.jar;C:\Users\sauhardmishra\.m2\repository\io\opentelemetry\opentelemetry-sdk-common\1.16.0\opentelemetry-sdk-common-1.16.0.jar;C:\Users\sauhardmishra\.m2\repository\io\opentelemetry\opentelemetry-sdk-extension-autoconfigure-spi\1.16.0\opentelemetry-sdk-extension-autoconfigure-spi-1.16.0.jar;C:\Users\sauhardmishra\.m2\repository\io\opentelemetry\opentelemetry-sdk-extension-autoconfigure\1.16.0-alpha\opentelemetry-sdk-extension-autoconfigure-1.16.0-alpha.jar;C:\Users\sauhardmishra\.m2\repository\io\opentelemetry\opentelemetry-sdk-trace\1.16.0\opentelemetry-sdk-trace-1.16.0.jar;C:\Users\sauhardmishra\.m2\repository\io\opentelemetry\opentelemetry-sdk\1.16.0\opentelemetry-sdk-1.16.0.jar;C:\Users\sauhardmishra\.m2\repository\io\opentelemetry\opentelemetry-semconv\1.16.0-alpha\opentelemetry-semconv-1.16.0-alpha.jar;C:\Users\sauhardmishra\.m2\repository\io\ous\jtoml\2.0.0\jtoml-2.0.0.jar;C:\Users\sauhardmishra\.m2\repository\net\bytebuddy\byte-buddy\1.12.10\byte-buddy-1.12.10.jar;C:\Users\sauhardmishra\.m2\repository\org\apache\commons\commons-exec\1.3\commons-exec-1.3.jar;C:\Users\sauhardmishra\.m2\repository\org\asynchttpclient\async-http-client\2.12.3\async-http-client-2.12.3.jar;C:\Users\sauhardmishra\.m2\repository\org\asynchttpclient\async-http-client-netty-utils\2.12.3\async-http-client-netty-utils-2.12.3.jar;C:\Users\sauhardmishra\.m2\repository\io\netty\netty-codec-socks\4.1.60.Final\netty-codec-socks-4.1.60.Final.jar;C:\Users\sauhardmishra\.m2\repository\io\netty\netty-handler-proxy\4.1.60.Final\netty-handler-proxy-4.1.60.Final.jar;C:\Users\sauhardmishra\.m2\repository\io\netty\netty-transport-native-epoll\4.1.60.Final\netty-transport-native-epoll-4.1.60.Final-linux-x86_64.jar;C:\Users\sauhardmishra\.m2\repository\io\netty\netty-transport-native-kqueue\4.1.60.Final\netty-transport-native-kqueue-4.1.60.Final-osx-x86_64.jar;C:\Users\sauhardmishra\.m2\repository\org\reactivestreams\reactive-streams\1.0.3\reactive-streams-1.0.3.jar;C:\Users\sauhardmishra\.m2\repository\com\typesafe\netty\netty-reactive-streams\2.0.4\netty-reactive-streams-2.0.4.jar;C:\Users\sauhardmishra\.m2\repository\com\sun\activation\jakarta.activation\1.2.2\jakarta.activation-1.2.2.jar;C:\Users\sauhardmishra\.m2\repository\org\seleniumhq\selenium\selenium-http\4.4.0\selenium-http-4.4.0.jar;C:\Users\sauhardmishra\.m2\repository\dev\failsafe\failsafe\3.2.4\failsafe-3.2.4.jar;C:\Users\sauhardmishra\.m2\repository\org\seleniumhq\selenium\selenium-safari-driver\4.4.0\selenium-safari-driver-4.4.0.jar;C:\Users\sauhardmishra\.m2\repository\org\seleniumhq\selenium\selenium-support\4.4.0\selenium-support-4.4.0.jar;C:\Users\sauhardmishra\.m2\repository\org\testng\testng\7.6.1\testng-7.6.1.jar;C:\Users\sauhardmishra\.m2\repository\com\google\code\findbugs\jsr305\3.0.2\jsr305-3.0.2.jar;C:\Users\sauhardmishra\.m2\repository\org\slf4j\slf4j-api\1.7.36\slf4j-api-1.7.36.jar;C:\Users\sauhardmishra\.m2\repository\com\beust\jcommander\1.82\jcommander-1.82.jar;C:\Users\sauhardmishra\.m2\repository\org\webjars\jquery\3.6.0\jquery-3.6.0.jar;C:\Users\sauhardmishra\.m2\repository\commons-io\commons-io\2.11.0\commons-io-2.11.0.jar;C:\Users\sauhardmishra\.m2\repository\com\relevantcodes\extentreports\2.41.2\extentreports-2.41.2.jar;C:\Users\sauhardmishra\.m2\repository\org\jsoup\jsoup\1.8.3\jsoup-1.8.3.jar;C:\Users\sauhardmishra\.m2\repository\org\xerial\sqlite-jdbc\3.8.11.1\sqlite-jdbc-3.8.11.1.jar;C:\Users\sauhardmishra\.m2\repository\org\freemarker\freemarker\2.3.23\freemarker-2.3.23.jar;C:\Users\sauhardmishra\.m2\repository\org\mongodb\mongodb-driver\3.0.4\mongodb-driver-3.0.4.jar;C:\Users\sauhardmishra\.m2\repository\org\mongodb\bson\3.0.4\bson-3.0.4.jar;C:\Users\sauhardmishra\.m2\repository\org\mongodb\mongodb-driver-core\3.0.4\mongodb-driver-core-3.0.4.jar;C:\Users\sauhardmishra\.m2\repository\org\apache\logging\log4j\log4j-api\2.19.0\log4j-api-2.19.0.jar;C:\Users\sauhardmishra\.m2\repository\org\apache\logging\log4j\log4j-core\2.19.0\log4j-core-2.19.0.jar;C:\Users\sauhardmishra\.m2\repository\com\googlecode\json-simple\json-simple\1.1.1\json-simple-1.1.1.jar;"/>
    <property name="sun.cpu.endian" value="little"/>
    <property name="user.home" value="C:\Users\sauhardmishra"/>
    <property name="user.language" value="en"/>
    <property name="java.specification.vendor" value="Oracle Corporation"/>
    <property name="java.version.date" value="2019-10-15"/>
    <property name="java.home" value="C:\Program Files\RedHat\java-11-openjdk-11.0.5-2"/>
    <property name="file.separator" value="\"/>
    <property name="basedir" value="C:\Users\sauhardmishra\Downloads\Flipkart_Automation_Project\Flipkart_Automation_Project"/>
    <property name="java.vm.compressedOopsMode" value="Zero based"/>
    <property name="line.separator" value="&#10;"/>
    <property name="java.specification.name" value="Java Platform API Specification"/>
    <property name="java.vm.specification.vendor" value="Oracle Corporation"/>
    <property name="java.awt.graphicsenv" value="sun.awt.Win32GraphicsEnvironment"/>
    <property name="surefire.real.class.path" value="C:\Users\SAUHAR~1\AppData\Local\Temp\surefire854410094252150339\surefirebooter330800136006652304.jar"/>
    <property name="user.script" value=""/>
    <property name="sun.management.compiler" value="HotSpot 64-Bit Tiered Compilers"/>
    <property name="java.runtime.version" value="11.0.5+10-LTS"/>
    <property name="user.name" value="sauhardmishra"/>
    <property name="path.separator" value=";"/>
    <property name="os.version" value="10.0"/>
    <property name="java.runtime.name" value="OpenJDK Runtime Environment"/>
    <property name="file.encoding" value="Cp1252"/>
    <property name="java.vm.name" value="OpenJDK 64-Bit Server VM"/>
    <property name="java.vendor.version" value="18.9"/>
    <property name="localRepository" value="C:\Users\sauhardmishra\.m2\repository"/>
    <property name="java.vendor.url.bug" value="http://bugreport.java.com/bugreport/"/>
    <property name="java.io.tmpdir" value="C:\Users\SAUHAR~1\AppData\Local\Temp\"/>
    <property name="java.version" value="11.0.5"/>
    <property name="user.dir" value="C:\Users\sauhardmishra\Downloads\Flipkart_Automation_Project\Flipkart_Automation_Project"/>
    <property name="os.arch" value="amd64"/>
    <property name="java.vm.specification.name" value="Java Virtual Machine Specification"/>
    <property name="java.awt.printerjob" value="sun.awt.windows.WPrinterJob"/>
    <property name="sun.os.patch.level" value=""/>
    <property name="java.library.path" value="C:\Program Files\RedHat\java-11-openjdk-11.0.5-2\bin;C:\Windows\Sun\Java\bin;C:\Windows\system32;C:\Windows;C:/Program Files/RedHat/java-11-openjdk-11.0.5-2/bin/server;C:/Program Files/RedHat/java-11-openjdk-11.0.5-2/bin;C:\Windows\system32;C:\Windows;C:\Windows\System32\Wbem;C:\Windows\System32\WindowsPowerShell\v1.0\;C:\Windows\System32\OpenSSH\;C:\Program Files\TortoiseSVN\bin;C:\Program Files\dotnet\;C:\Program Files\Microsoft SQL Server\130\Tools\Binn\;C:\Program Files\Microsoft SQL Server\Client SDK\ODBC\170\Tools\Binn\;C:\Program Files\Git\cmd;C:\Program Files (x86)\Microsoft SQL Server\150\DTS\Binn\;C:\Program Files\Azure Data Studio\bin;C:\Program Files (x86)\Microsoft SQL Server\140\Tools\Binn\;C:\Program Files\Microsoft SQL Server\140\Tools\Binn\;C:\Program Files (x86)\Microsoft SQL Server\140\DTS\Binn\;C:\Program Files\Microsoft SQL Server\140\DTS\Binn\;C:\Program Files\Microsoft SQL Server\Client SDK\ODBC\130\Tools\Binn\;C:\apache-maven-3.8.6\bin;C:\Users\sauhardmishra\AppData\Local\Android\Sdk\platform-tools;C:\Users\sauhardmishra\AppData\Local\Android\Sdk\tools;C:\Program Files\nodejs\;C:\Program Files\RedHat\java-11-openjdk-11.0.5-2\bin;C:\Users\sauhardmishra\AppData\Local\Programs\Python\Python310\Scripts\;C:\Users\sauhardmishra\AppData\Local\Programs\Python\Python310\;C:\Users\sauhardmishra\AppData\Local\Microsoft\WindowsApps;C:\Users\sauhardmishra\.dotnet\tools;C:\Program Files\Azure Data Studio\bin;C:\Users\sauhardmishra\AppData\Local\Programs\Microsoft VS Code\bin;C:\Program Files\JetBrains\PyCharm Community Edition 2022.2.1\bin;;C:\Users\sauhardmishra\AppData\Roaming\npm;C:\Windows\system32;;."/>
    <property name="java.vendor" value="Oracle Corporation"/>
    <property name="java.vm.info" value="mixed mode"/>
    <property name="java.vm.version" value="11.0.5+10-LTS"/>
    <property name="sun.io.unicode.encoding" value="UnicodeLittle"/>
    <property name="java.class.version" value="55.0"/>
  </properties>
  <testcase name="setup" classname="flipkart.TestCases.LoginTest" time="1.121">
    <failure message="Com/JarUtils/ReadingPropertiesFile" type="java.lang.NoClassDefFoundError">java.lang.NoClassDefFoundError: Com/JarUtils/ReadingPropertiesFile
Caused by: java.lang.ClassNotFoundException: Com.JarUtils.ReadingPropertiesFile
</failure>
    <system-err><![CDATA[SLF4J: Failed to load class "org.slf4j.impl.StaticLoggerBinder".
SLF4J: Defaulting to no-operation (NOP) logger implementation
SLF4J: See http://www.slf4j.org/codes.html#StaticLoggerBinder for further details.
]]></system-err>
  </testcase>
  <testcase name="setup" classname="flipkart.TestCases.LoginTest" time="0">
    <skipped/>
  </testcase>
  <testcase name="validCredentialsLogin" classname="flipkart.TestCases.LoginTest" time="0">
    <skipped message="Com/JarUtils/ReadingPropertiesFile"/>
  </testcase>
  <testcase name="status" classname="flipkart.TestCases.LoginTest" time="0">
    <skipped/>
  </testcase>
  <testcase name="status" classname="flipkart.TestCases.LoginTest" time="0">
    <skipped/>
  </testcase>
  <testcase name="inValidCredentialsLogin" classname="flipkart.TestCases.LoginTest" time="0">
    <skipped message="Com/JarUtils/ReadingPropertiesFile"/>
  </testcase>
  <testcase name="setup" classname="flipkart.TestCases.SignUpTest" time="0.002">
    <failure message="Com/JarUtils/ReadingPropertiesFile" type="java.lang.NoClassDefFoundError">java.lang.NoClassDefFoundError: Com/JarUtils/ReadingPropertiesFile
</failure>
  </testcase>
  <testcase name="signUpTestCase" classname="flipkart.TestCases.SignUpTest" time="0">
    <skipped message="Com/JarUtils/ReadingPropertiesFile"/>
  </testcase>
  <testcase name="status" classname="flipkart.TestCases.SignUpTest" time="0">
    <skipped/>
  </testcase>
  <testcase name="setup" classname="flipkart.TestCases.SearchProductTest" time="0.001">
    <failure message="Com/JarUtils/ReadingPropertiesFile" type="java.lang.NoClassDefFoundError">java.lang.NoClassDefFoundError: Com/JarUtils/ReadingPropertiesFile
</failure>
  </testcase>
  <testcase name="setup" classname="flipkart.TestCases.SearchProductTest" time="0">
    <skipped/>
  </testcase>
  <testcase name="setup" classname="flipkart.TestCases.SearchProductTest" time="0">
    <skipped/>
  </testcase>
  <testcase name="searchProduct" classname="flipkart.TestCases.SearchProductTest" time="0">
    <skipped message="Com/JarUtils/ReadingPropertiesFile"/>
  </testcase>
  <testcase name="status" classname="flipkart.TestCases.SearchProductTest" time="0">
    <skipped/>
  </testcase>
  <testcase name="status" classname="flipkart.TestCases.SearchProductTest" time="0">
    <skipped/>
  </testcase>
  <testcase name="status" classname="flipkart.TestCases.SearchProductTest" time="0">
    <skipped/>
  </testcase>
  <testcase name="openProduct" classname="flipkart.TestCases.SearchProductTest" time="0">
    <skipped message="Com/JarUtils/ReadingPropertiesFile"/>
  </testcase>
  <testcase name="changePincode" classname="flipkart.TestCases.SearchProductTest" time="0">
    <skipped message="Com/JarUtils/ReadingPropertiesFile"/>
  </testcase>
  <testcase name="setup" classname="flipkart.TestCases.AddToCartTest" time="0.003">
    <failure message="Com/JarUtils/ReadingPropertiesFile" type="java.lang.NoClassDefFoundError">java.lang.NoClassDefFoundError: Com/JarUtils/ReadingPropertiesFile
</failure>
  </testcase>
  <testcase name="setup" classname="flipkart.TestCases.AddToCartTest" time="0">
    <skipped/>
  </testcase>
  <testcase name="addingProductToTheCart" classname="flipkart.TestCases.AddToCartTest" time="0">
    <skipped message="Com/JarUtils/ReadingPropertiesFile"/>
  </testcase>
  <testcase name="status" classname="flipkart.TestCases.AddToCartTest" time="0">
    <skipped/>
  </testcase>
  <testcase name="status" classname="flipkart.TestCases.AddToCartTest" time="0">
    <skipped/>
  </testcase>
  <testcase name="removeFromCart" classname="flipkart.TestCases.AddToCartTest" time="0">
    <skipped message="Com/JarUtils/ReadingPropertiesFile"/>
  </testcase>
  <testcase name="setup" classname="flipkart.TestCases.BecomeSellerTest" time="0.002">
    <failure message="Com/JarUtils/ReadingPropertiesFile" type="java.lang.NoClassDefFoundError">java.lang.NoClassDefFoundError: Com/JarUtils/ReadingPropertiesFile
</failure>
  </testcase>
  <testcase name="becomeSeller" classname="flipkart.TestCases.BecomeSellerTest" time="0">
    <skipped message="Com/JarUtils/ReadingPropertiesFile"/>
  </testcase>
  <testcase name="status" classname="flipkart.TestCases.BecomeSellerTest" time="0">
    <skipped/>
  </testcase>
  <testcase name="setup" classname="flipkart.TestCases.PlaceOrderTest" time="0.001">
    <failure message="Com/JarUtils/ReadingPropertiesFile" type="java.lang.NoClassDefFoundError">java.lang.NoClassDefFoundError: Com/JarUtils/ReadingPropertiesFile
</failure>
  </testcase>
  <testcase name="placeOrder" classname="flipkart.TestCases.PlaceOrderTest" time="0">
    <skipped message="Com/JarUtils/ReadingPropertiesFile"/>
  </testcase>
  <testcase name="status" classname="flipkart.TestCases.PlaceOrderTest" time="0">
    <skipped/>
  </testcase>
  <testcase name="setup" classname="flipkart.TestCases.DropdownProductSearchTest" time="0.002">
    <failure message="Com/JarUtils/ReadingPropertiesFile" type="java.lang.NoClassDefFoundError">java.lang.NoClassDefFoundError: Com/JarUtils/ReadingPropertiesFile
</failure>
  </testcase>
  <testcase name="dropDownProductSearch" classname="flipkart.TestCases.DropdownProductSearchTest" time="0">
    <skipped message="Com/JarUtils/ReadingPropertiesFile"/>
  </testcase>
  <testcase name="status" classname="flipkart.TestCases.DropdownProductSearchTest" time="0">
    <skipped/>
  </testcase>
  <testcase name="setup" classname="flipkart.TestCases.FilterProductSearchTest" time="0.001">
    <failure message="Com/JarUtils/ReadingPropertiesFile" type="java.lang.NoClassDefFoundError">java.lang.NoClassDefFoundError: Com/JarUtils/ReadingPropertiesFile
</failure>
  </testcase>
  <testcase name="filterSearch" classname="flipkart.TestCases.FilterProductSearchTest" time="0">
    <skipped message="Com/JarUtils/ReadingPropertiesFile"/>
  </testcase>
  <testcase name="status" classname="flipkart.TestCases.FilterProductSearchTest" time="0">
    <skipped/>
  </testcase>
  <testcase name="setup" classname="flipkart.TestCases.customerCareTest" time="0.004">
    <failure message="Com/JarUtils/ReadingPropertiesFile" type="java.lang.NoClassDefFoundError">java.lang.NoClassDefFoundError: Com/JarUtils/ReadingPropertiesFile
</failure>
  </testcase>
  <testcase name="testCustomerCareSupport" classname="flipkart.TestCases.customerCareTest" time="0">
    <skipped message="Com/JarUtils/ReadingPropertiesFile"/>
  </testcase>
  <testcase name="status" classname="flipkart.TestCases.customerCareTest" time="0">
    <skipped/>
  </testcase>
  <testcase name="setup" classname="flipkart.TestCases.FlipkartPlusTest" time="0.002">
    <failure message="Com/JarUtils/ReadingPropertiesFile" type="java.lang.NoClassDefFoundError">java.lang.NoClassDefFoundError: Com/JarUtils/ReadingPropertiesFile
</failure>
  </testcase>
  <testcase name="flipkartPlusTest" classname="flipkart.TestCases.FlipkartPlusTest" time="0">
    <skipped message="Com/JarUtils/ReadingPropertiesFile"/>
  </testcase>
  <testcase name="status" classname="flipkart.TestCases.FlipkartPlusTest" time="0">
    <skipped/>
  </testcase>
  <testcase name="setup" classname="flipkart.TestCases.AdvertiseTest" time="0.002">
    <failure message="Com/JarUtils/ReadingPropertiesFile" type="java.lang.NoClassDefFoundError">java.lang.NoClassDefFoundError: Com/JarUtils/ReadingPropertiesFile
</failure>
  </testcase>
  <testcase name="setup" classname="flipkart.TestCases.AdvertiseTest" time="0">
    <skipped/>
  </testcase>
  <testcase name="testAdvertisement" classname="flipkart.TestCases.AdvertiseTest" time="0">
    <skipped message="Com/JarUtils/ReadingPropertiesFile"/>
  </testcase>
  <testcase name="status" classname="flipkart.TestCases.AdvertiseTest" time="0">
    <skipped/>
  </testcase>
  <testcase name="status" classname="flipkart.TestCases.AdvertiseTest" time="0">
    <skipped/>
  </testcase>
  <testcase name="testBrand" classname="flipkart.TestCases.AdvertiseTest" time="0">
    <skipped message="Com/JarUtils/ReadingPropertiesFile"/>
  </testcase>
  <testcase name="setup" classname="flipkart.TestCases.GiftCardTest" time="0.005">
    <failure message="Com/JarUtils/ReadingPropertiesFile" type="java.lang.NoClassDefFoundError">java.lang.NoClassDefFoundError: Com/JarUtils/ReadingPropertiesFile
</failure>
  </testcase>
  <testcase name="setup" classname="flipkart.TestCases.GiftCardTest" time="0">
    <skipped/>
  </testcase>
  <testcase name="setup" classname="flipkart.TestCases.GiftCardTest" time="0">
    <skipped/>
  </testcase>
  <testcase name="testGiftCards" classname="flipkart.TestCases.GiftCardTest" time="0">
    <skipped message="Com/JarUtils/ReadingPropertiesFile"/>
  </testcase>
  <testcase name="status" classname="flipkart.TestCases.GiftCardTest" time="0">
    <skipped/>
  </testcase>
  <testcase name="status" classname="flipkart.TestCases.GiftCardTest" time="0">
    <skipped/>
  </testcase>
  <testcase name="status" classname="flipkart.TestCases.GiftCardTest" time="0">
    <skipped/>
  </testcase>
  <testcase name="testBirthdayGiftCards" classname="flipkart.TestCases.GiftCardTest" time="0">
    <skipped message="Com/JarUtils/ReadingPropertiesFile"/>
  </testcase>
  <testcase name="testShopByPriceGiftCards" classname="flipkart.TestCases.GiftCardTest" time="0">
    <skipped message="Com/JarUtils/ReadingPropertiesFile"/>
  </testcase>
  <testcase name="setup" classname="flipkart.TestCases.CareersTest" time="0.002">
    <failure message="Com/JarUtils/ReadingPropertiesFile" type="java.lang.NoClassDefFoundError">java.lang.NoClassDefFoundError: Com/JarUtils/ReadingPropertiesFile
</failure>
  </testcase>
  <testcase name="testCareers" classname="flipkart.TestCases.CareersTest" time="0">
    <skipped message="Com/JarUtils/ReadingPropertiesFile"/>
  </testcase>
  <testcase name="status" classname="flipkart.TestCases.CareersTest" time="0">
    <skipped/>
  </testcase>
</testsuite>