<?xml version="1.0" encoding="UTF-8"?>
<!-- Generated by org.testng.reporters.JUnitReportReporter -->
<testsuite hostname="IN-PG02P5XG" failures="0" tests="1" name="flipkart.TestCases.CareersTest" time="39.330" errors="0" timestamp="2023-01-09T22:57:52 IST" skipped="0">
  <testcase classname="flipkart.TestCases.CareersTest" name="testCareers" time="39.330"/>
  <system-out/>
</testsuite> <!-- flipkart.TestCases.CareersTest -->
