<?xml version="1.0" encoding="UTF-8"?>
<!-- Generated by org.testng.reporters.JUnitReportReporter -->
<testsuite hostname="IN-PG02P5XG" failures="0" tests="1" name="flipkart.TestCases.PlaceOrderTest" time="34.092" errors="0" timestamp="2023-01-09T22:30:43 IST" skipped="0">
  <testcase classname="flipkart.TestCases.PlaceOrderTest" name="placeOrder" time="34.092"/>
  <system-out/>
</testsuite> <!-- flipkart.TestCases.PlaceOrderTest -->
