<?xml version="1.0" encoding="UTF-8"?>
<!-- Generated by org.testng.reporters.JUnitReportReporter -->
<testsuite hostname="IN-PG02P5XG" failures="0" tests="3" name="flipkart.TestCases.GiftCardTest" time="142.521" errors="0" timestamp="2023-01-09T13:59:54 IST" skipped="0">
  <testcase classname="flipkart.TestCases.GiftCardTest" name="testGiftCards" time="46.718"/>
  <system-out/>
  <testcase classname="flipkart.TestCases.GiftCardTest" name="testBirthdayGiftCards" time="47.853"/>
  <system-out/>
  <testcase classname="flipkart.TestCases.GiftCardTest" name="testShopByPriceGiftCards" time="47.950"/>
  <system-out/>
</testsuite> <!-- flipkart.TestCases.GiftCardTest -->
