<?xml version="1.0" encoding="UTF-8"?>
<!-- Generated by org.testng.reporters.JUnitReportReporter -->
<testsuite hostname="IN-PG02P5XG" failures="0" tests="1" name="flipkart.TestCases.FilterProductSearchTest" time="63.096" errors="0" timestamp="2023-01-09T13:59:54 IST" skipped="0">
  <testcase classname="flipkart.TestCases.FilterProductSearchTest" name="filterSearch" time="63.096"/>
  <system-out/>
</testsuite> <!-- flipkart.TestCases.FilterProductSearchTest -->
