<?xml version="1.0" encoding="UTF-8"?>
<!-- Generated by org.testng.reporters.JUnitReportReporter -->
<testsuite hostname="IN-PG02P5XG" failures="0" tests="1" name="flipkart.TestCases.BecomeSellerTest" time="38.645" errors="0" timestamp="2023-01-09T22:26:36 IST" skipped="0">
  <testcase classname="flipkart.TestCases.BecomeSellerTest" name="becomeSeller" time="38.645"/>
  <system-out/>
</testsuite> <!-- flipkart.TestCases.BecomeSellerTest -->
