<?xml version="1.0" encoding="UTF-8"?>
<!-- Generated by org.testng.reporters.JUnitReportReporter -->
<testsuite hostname="IN-PG02P5XG" failures="0" tests="2" name="flipkart.TestCases.AddToCartTest" time="62.451" errors="0" timestamp="2023-01-09T13:59:54 IST" skipped="0">
  <testcase classname="flipkart.TestCases.AddToCartTest" name="addingProductToTheCart" time="27.588"/>
  <system-out/>
  <testcase classname="flipkart.TestCases.AddToCartTest" name="removeFromCart" time="34.863"/>
  <system-out/>
</testsuite> <!-- flipkart.TestCases.AddToCartTest -->
