<?xml version="1.0" encoding="UTF-8"?>
<!-- Generated by org.testng.reporters.JUnitReportReporter -->
<testsuite hostname="IN-PG02P5XG" failures="0" tests="2" name="flipkart.TestCases.AdvertiseTest" time="104.383" errors="0" timestamp="2023-01-09T23:29:26 IST" skipped="0">
  <testcase classname="flipkart.TestCases.AdvertiseTest" name="testAdvertisement" time="52.056"/>
  <system-out/>
  <testcase classname="flipkart.TestCases.AdvertiseTest" name="testBrand" time="52.327"/>
  <system-out/>
</testsuite> <!-- flipkart.TestCases.AdvertiseTest -->
