<?xml version="1.0" encoding="UTF-8"?>
<!-- Generated by org.testng.reporters.JUnitReportReporter -->
<testsuite hostname="IN-PG02P5XG" failures="0" tests="3" name="flipkart.TestCases.SearchProductTest" time="88.761" errors="0" timestamp="2023-01-09T13:59:54 IST" skipped="0">
  <testcase classname="flipkart.TestCases.SearchProductTest" name="searchProduct" time="28.400"/>
  <system-out/>
  <testcase classname="flipkart.TestCases.SearchProductTest" name="openProduct" time="28.226"/>
  <system-out/>
  <testcase classname="flipkart.TestCases.SearchProductTest" name="changePincode" time="32.135"/>
  <system-out/>
</testsuite> <!-- flipkart.TestCases.SearchProductTest -->
