<?xml version="1.0" encoding="UTF-8"?>
<!-- Generated by org.testng.reporters.JUnitReportReporter -->
<testsuite hostname="IN-PG02P5XG" failures="0" tests="2" name="flipkart.TestCases.AdvertiseTest" time="114.407" errors="0" timestamp="2023-01-09T13:59:54 IST" skipped="0">
  <testcase classname="flipkart.TestCases.AdvertiseTest" name="testAdvertisement" time="49.091"/>
  <system-out/>
  <testcase classname="flipkart.TestCases.AdvertiseTest" name="testBrand" time="65.316"/>
  <system-out/>
</testsuite> <!-- flipkart.TestCases.AdvertiseTest -->
