<?xml version="1.0" encoding="UTF-8"?>
<!-- Generated by org.testng.reporters.JUnitReportReporter -->
<testsuite hostname="IN-PG02P5XG" failures="0" tests="1" name="flipkart.TestCases.customerCareTest" time="29.948" errors="0" timestamp="2023-01-09T23:20:53 IST" skipped="0">
  <testcase classname="flipkart.TestCases.customerCareTest" name="testCustomerCareSupport" time="29.948"/>
  <system-out/>
</testsuite> <!-- flipkart.TestCases.customerCareTest -->
