<?xml version="1.0" encoding="UTF-8"?>
<!-- Generated by org.testng.reporters.JUnitReportReporter -->
<testsuite hostname="IN-PG02P5XG" failures="0" tests="1" name="flipkart.TestCases.FilterProductSearchTest" time="38.974" errors="0" timestamp="2023-01-09T23:04:40 IST" skipped="0">
  <testcase classname="flipkart.TestCases.FilterProductSearchTest" name="filterSearch" time="38.974"/>
  <system-out/>
</testsuite> <!-- flipkart.TestCases.FilterProductSearchTest -->
