<?xml version="1.0" encoding="UTF-8"?>
<!-- Generated by org.testng.reporters.JUnitReportReporter -->
<testsuite hostname="IN-PG02P5XG" failures="0" tests="3" name="flipkart.TestCases.SearchProductTest" time="82.187" errors="0" timestamp="2023-01-09T22:21:25 IST" skipped="0">
  <testcase classname="flipkart.TestCases.SearchProductTest" name="searchProduct" time="25.882"/>
  <system-out/>
  <testcase classname="flipkart.TestCases.SearchProductTest" name="openProduct" time="27.625"/>
  <system-out/>
  <testcase classname="flipkart.TestCases.SearchProductTest" name="changePincode" time="28.680"/>
  <system-out/>
</testsuite> <!-- flipkart.TestCases.SearchProductTest -->
