<?xml version="1.0" encoding="UTF-8"?>
<!-- Generated by org.testng.reporters.JUnitReportReporter -->
<testsuite hostname="IN-PG02P5XG" failures="0" tests="3" name="flipkart.TestCases.GiftCardTest" time="84.608" errors="0" timestamp="2023-01-09T23:14:17 IST" skipped="0">
  <testcase classname="flipkart.TestCases.GiftCardTest" name="testGiftCards" time="25.873"/>
  <system-out/>
  <testcase classname="flipkart.TestCases.GiftCardTest" name="testBirthdayGiftCards" time="27.832"/>
  <system-out/>
  <testcase classname="flipkart.TestCases.GiftCardTest" name="testShopByPriceGiftCards" time="30.903"/>
  <system-out/>
</testsuite> <!-- flipkart.TestCases.GiftCardTest -->
