<?xml version="1.0" encoding="UTF-8"?>
<!-- Generated by org.testng.reporters.JUnitReportReporter -->
<testsuite hostname="IN-PG02P5XG" failures="0" tests="1" name="flipkart.TestCases.SignUpTest" time="26.138" errors="0" timestamp="2023-01-09T13:59:54 IST" skipped="0">
  <testcase classname="flipkart.TestCases.SignUpTest" name="signUpTestCase" time="26.138"/>
  <system-out/>
</testsuite> <!-- flipkart.TestCases.SignUpTest -->
