<?xml version="1.0" encoding="UTF-8"?>
<!-- Generated by org.testng.reporters.JUnitReportReporter -->
<testsuite hostname="IN-PG02P5XG" failures="0" tests="2" name="flipkart.TestCases.LoginTest" time="55.303" errors="0" timestamp="2023-01-09T22:01:04 IST" skipped="0">
  <testcase classname="flipkart.TestCases.LoginTest" name="validCredentialsLogin" time="27.259"/>
  <system-out/>
  <testcase classname="flipkart.TestCases.LoginTest" name="inValidCredentialsLogin" time="28.044"/>
  <system-out/>
</testsuite> <!-- flipkart.TestCases.LoginTest -->
